<?xml version="1.0" encoding="UTF-8"?>
<!-- Generated by org.testng.reporters.JUnitXMLReporter -->
<testsuite ignored="0" hostname="DESKTOP-6394TQ6" failures="0" tests="2" name="Test" time="19.695" errors="0" timestamp="2023-01-04T12:10:00 IST">
  <testcase classname="scenarioPack.SDTC01_TestClass_VerifyLoginFunctionality" name="VerifyLoginFunctionality" time="0.063"/>
  <testcase classname="scenarioPack.SDTC03_TestClass_VerifyBagProductAddTOCartFunctionality" name="verifyBagProductAddTOCartFunctionality" time="0.465"/>
</testsuite> <!-- Test -->
