<?xml version="1.0" encoding="UTF-8"?>
<!-- Generated by org.testng.reporters.JUnitXMLReporter -->
<testsuite ignored="0" hostname="DESKTOP-6394TQ6" failures="0" tests="4" name="Test" time="32.555" errors="0" timestamp="2023-01-11T14:20:37 IST">
  <testcase classname="scenarioPack.SDTC01_TestClass_VerifyLoginFunctionality" name="VerifyLoginFunctionality" time="0.037"/>
  <testcase classname="scenarioPack.SDTC02_TestClass_VerifyLogoutFunctionality" name="verifyLogoutFunctionality" time="0.529"/>
  <testcase classname="scenarioPack.SDTC03_TestClass_VerifyBagProductAddTOCartFunctionality" name="verifyBagProductAddTOCartFunctionality" time="0.292"/>
  <testcase classname="scenarioPack.SDTC_04_TestClass_verifyBagProductAddToFunctionality" name="verifyBagProductAddToFunctionality" time="1.237"/>
</testsuite> <!-- Test -->
