<?xml version="1.0" encoding="UTF-8"?>
<testng-results ignored="0" total="4" passed="4" failed="0" skipped="0">
  <reporter-output>
  </reporter-output>
  <suite started-at="2023-01-11T14:20:04 IST" name="Suite" finished-at="2023-01-11T14:20:37 IST" duration-ms="32555">
    <groups>
    </groups>
    <test started-at="2023-01-11T14:20:04 IST" name="Test" finished-at="2023-01-11T14:20:37 IST" duration-ms="32555">
      <class name="scenarioPack.SDTC_04_TestClass_verifyBagProductAddToFunctionality">
        <test-method is-config="true" signature="setUp(java.lang.String)[pri:0, instance:scenarioPack.SDTC_04_TestClass_verifyBagProductAddToFunctionality@5824a83d]" started-at="2023-01-11T14:20:28 IST" name="setUp" finished-at="2023-01-11T14:20:35 IST" duration-ms="7238" status="PASS">
          <params>
            <param index="0">
              <value>
                <![CDATA[chrome]]>
              </value>
            </param>
          </params>
          <reporter-output>
          </reporter-output>
        </test-method> <!-- setUp -->
        <test-method signature="verifyBagProductAddToFunctionality()[pri:0, instance:scenarioPack.SDTC_04_TestClass_verifyBagProductAddToFunctionality@5824a83d]" started-at="2023-01-11T14:20:35 IST" name="verifyBagProductAddToFunctionality" finished-at="2023-01-11T14:20:36 IST" duration-ms="1237" status="PASS">
          <reporter-output>
          </reporter-output>
        </test-method> <!-- verifyBagProductAddToFunctionality -->
        <test-method is-config="true" signature="tearDown()[pri:0, instance:scenarioPack.SDTC_04_TestClass_verifyBagProductAddToFunctionality@5824a83d]" started-at="2023-01-11T14:20:36 IST" name="tearDown" finished-at="2023-01-11T14:20:37 IST" duration-ms="506" status="PASS">
          <reporter-output>
          </reporter-output>
        </test-method> <!-- tearDown -->
      </class> <!-- scenarioPack.SDTC_04_TestClass_verifyBagProductAddToFunctionality -->
      <class name="scenarioPack.SDTC02_TestClass_VerifyLogoutFunctionality">
        <test-method is-config="true" signature="setUp(java.lang.String)[pri:0, instance:scenarioPack.SDTC02_TestClass_VerifyLogoutFunctionality@25641d39]" started-at="2023-01-11T14:20:13 IST" name="setUp" finished-at="2023-01-11T14:20:20 IST" duration-ms="6994" status="PASS">
          <params>
            <param index="0">
              <value>
                <![CDATA[chrome]]>
              </value>
            </param>
          </params>
          <reporter-output>
          </reporter-output>
        </test-method> <!-- setUp -->
        <test-method signature="verifyLogoutFunctionality()[pri:0, instance:scenarioPack.SDTC02_TestClass_VerifyLogoutFunctionality@25641d39]" started-at="2023-01-11T14:20:20 IST" name="verifyLogoutFunctionality" finished-at="2023-01-11T14:20:20 IST" duration-ms="529" status="PASS">
          <reporter-output>
          </reporter-output>
        </test-method> <!-- verifyLogoutFunctionality -->
        <test-method is-config="true" signature="tearDown()[pri:0, instance:scenarioPack.SDTC02_TestClass_VerifyLogoutFunctionality@25641d39]" started-at="2023-01-11T14:20:20 IST" name="tearDown" finished-at="2023-01-11T14:20:21 IST" duration-ms="401" status="PASS">
          <reporter-output>
          </reporter-output>
        </test-method> <!-- tearDown -->
      </class> <!-- scenarioPack.SDTC02_TestClass_VerifyLogoutFunctionality -->
      <class name="scenarioPack.SDTC01_TestClass_VerifyLoginFunctionality">
        <test-method is-config="true" signature="setUp(java.lang.String)[pri:0, instance:scenarioPack.SDTC01_TestClass_VerifyLoginFunctionality@21282ed8]" started-at="2023-01-11T14:20:04 IST" name="setUp" finished-at="2023-01-11T14:20:13 IST" duration-ms="8487" status="PASS">
          <params>
            <param index="0">
              <value>
                <![CDATA[chrome]]>
              </value>
            </param>
          </params>
          <reporter-output>
          </reporter-output>
        </test-method> <!-- setUp -->
        <test-method signature="VerifyLoginFunctionality()[pri:0, instance:scenarioPack.SDTC01_TestClass_VerifyLoginFunctionality@21282ed8]" started-at="2023-01-11T14:20:13 IST" name="VerifyLoginFunctionality" finished-at="2023-01-11T14:20:13 IST" duration-ms="37" status="PASS">
          <reporter-output>
          </reporter-output>
        </test-method> <!-- VerifyLoginFunctionality -->
        <test-method is-config="true" signature="tearDown()[pri:0, instance:scenarioPack.SDTC01_TestClass_VerifyLoginFunctionality@21282ed8]" started-at="2023-01-11T14:20:13 IST" name="tearDown" finished-at="2023-01-11T14:20:13 IST" duration-ms="345" status="PASS">
          <reporter-output>
          </reporter-output>
        </test-method> <!-- tearDown -->
      </class> <!-- scenarioPack.SDTC01_TestClass_VerifyLoginFunctionality -->
      <class name="scenarioPack.SDTC03_TestClass_VerifyBagProductAddTOCartFunctionality">
        <test-method is-config="true" signature="setUp(java.lang.String)[pri:0, instance:scenarioPack.SDTC03_TestClass_VerifyBagProductAddTOCartFunctionality@7b36aa0c]" started-at="2023-01-11T14:20:21 IST" name="setUp" finished-at="2023-01-11T14:20:27 IST" duration-ms="6087" status="PASS">
          <params>
            <param index="0">
              <value>
                <![CDATA[chrome]]>
              </value>
            </param>
          </params>
          <reporter-output>
          </reporter-output>
        </test-method> <!-- setUp -->
        <test-method signature="verifyBagProductAddTOCartFunctionality()[pri:0, instance:scenarioPack.SDTC03_TestClass_VerifyBagProductAddTOCartFunctionality@7b36aa0c]" started-at="2023-01-11T14:20:27 IST" name="verifyBagProductAddTOCartFunctionality" finished-at="2023-01-11T14:20:27 IST" duration-ms="292" status="PASS">
          <reporter-output>
          </reporter-output>
        </test-method> <!-- verifyBagProductAddTOCartFunctionality -->
        <test-method is-config="true" signature="tearDown()[pri:0, instance:scenarioPack.SDTC03_TestClass_VerifyBagProductAddTOCartFunctionality@7b36aa0c]" started-at="2023-01-11T14:20:27 IST" name="tearDown" finished-at="2023-01-11T14:20:28 IST" duration-ms="306" status="PASS">
          <reporter-output>
          </reporter-output>
        </test-method> <!-- tearDown -->
      </class> <!-- scenarioPack.SDTC03_TestClass_VerifyBagProductAddTOCartFunctionality -->
    </test> <!-- Test -->
  </suite> <!-- Suite -->
</testng-results>
